  LINK : no se encontró C:\Users\Esteven Hdz\source\repos\PM_0_ProgramasClase_U3\Debug\PM_0_ProgramasClase_U3.exe o no lo generó el último vínculo incremental; ejecutando vínculo completo
P0_Plantilla.obj : warning LNK4258: la directiva '/ENTRY:main@0' no es compatible con el modificador '/ENTRY:bin'; se ha omitido
p1_MensajeEmergente.obj : warning LNK4258: la directiva '/ENTRY:main1@0' no es compatible con el modificador '/ENTRY:bin'; se ha omitido
P2_respMsjEmergente.obj : warning LNK4258: la directiva '/ENTRY:main2@0' no es compatible con el modificador '/ENTRY:bin'; se ha omitido
P3_mensajeEspera.obj : warning LNK4258: la directiva '/ENTRY:main3@0' no es compatible con el modificador '/ENTRY:bin'; se ha omitido
P4_numerosAleatorios.obj : warning LNK4258: la directiva '/ENTRY:main4@0' no es compatible con el modificador '/ENTRY:bin'; se ha omitido
P5_numerosAleatorios_p2.obj : warning LNK4258: la directiva '/ENTRY:main5@0' no es compatible con el modificador '/ENTRY:bin'; se ha omitido
P6_Delay.obj : warning LNK4258: la directiva '/ENTRY:main6@0' no es compatible con el modificador '/ENTRY:bin'; se ha omitido
P7_EjemploSumaConProcs.obj : warning LNK4258: la directiva '/ENTRY:main7@0' no es compatible con el modificador '/ENTRY:bin'; se ha omitido
P8_Macro_ImpPantalla.obj : warning LNK4258: la directiva '/ENTRY:main8@0' no es compatible con el modificador '/ENTRY:bin'; se ha omitido
P9_UsoLibMacros.obj : warning LNK4258: la directiva '/ENTRY:main9@0' no es compatible con el modificador '/ENTRY:bin'; se ha omitido
PPT10_Num_Ingresado_Val_Nega_MAC.obj : warning LNK4258: la directiva '/ENTRY:valne@0' no es compatible con el modificador '/ENTRY:bin'; se ha omitido
PPT11_Val_X_N_Cuantos_MAC.obj : warning LNK4258: la directiva '/ENTRY:mainXN@0' no es compatible con el modificador '/ENTRY:bin'; se ha omitido
PPT12_Pares_Impares_Mostrar_MAC.obj : warning LNK4258: la directiva '/ENTRY:nparimp@0' no es compatible con el modificador '/ENTRY:bin'; se ha omitido
PPT13_NPares_MAC.obj : warning LNK4258: la directiva '/ENTRY:paresn@0' no es compatible con el modificador '/ENTRY:bin'; se ha omitido
PPT14_Manhattan_MAC.obj : warning LNK4258: la directiva '/ENTRY:manhattan@0' no es compatible con el modificador '/ENTRY:bin'; se ha omitido
PPT15_Numbin_a_dec_MAC.obj : warning LNK4258: la directiva '/ENTRY:bin@0' no es compatible con el modificador '/ENTRY:bin'; se ha omitido
PPT1_Hoja_Presentacion_MAC.obj : warning LNK4258: la directiva '/ENTRY:mainX@0' no es compatible con el modificador '/ENTRY:bin'; se ha omitido
PPT2_1_Sum_dob_trip_MAC.obj : warning LNK4258: la directiva '/ENTRY:mainY@0' no es compatible con el modificador '/ENTRY:bin'; se ha omitido
PPT2_2_Suma_de_Numeros_MAC.obj : warning LNK4258: la directiva '/ENTRY:tarea@0' no es compatible con el modificador '/ENTRY:bin'; se ha omitido
PPT2_3_Obten_Area _Per_Rec_Base _Altura_MAC.obj : warning LNK4258: la directiva '/ENTRY:mainw@0' no es compatible con el modificador '/ENTRY:bin'; se ha omitido
PPT2_4_Trabajador_MAC.obj : warning LNK4258: la directiva '/ENTRY:mainZ@0' no es compatible con el modificador '/ENTRY:bin'; se ha omitido
PPT3_1_IMC_MAC.obj : warning LNK4258: la directiva '/ENTRY:ims@0' no es compatible con el modificador '/ENTRY:bin'; se ha omitido
PPT3_2_Lectura_Numeros_Mayor_MAC.obj : warning LNK4258: la directiva '/ENTRY:num@0' no es compatible con el modificador '/ENTRY:bin'; se ha omitido
PPT3_3_Matriz_2x2_Det_MAC.obj : warning LNK4258: la directiva '/ENTRY:mat@0' no es compatible con el modificador '/ENTRY:bin'; se ha omitido
PPT3_4_Velocidad_Dist_Tiemp_MAC.obj : warning LNK4258: la directiva '/ENTRY:velocidad@0' no es compatible con el modificador '/ENTRY:bin'; se ha omitido
PPT4_Pares_1_N_Usuario_MAC.obj : warning LNK4258: la directiva '/ENTRY:ppimpar@0' no es compatible con el modificador '/ENTRY:bin'; se ha omitido
PPT5_Fibonacci_MAC.obj : warning LNK4258: la directiva '/ENTRY:mainfi@0' no es compatible con el modificador '/ENTRY:bin'; se ha omitido
PPT6_Num_Primo_No_MAC.obj : warning LNK4258: la directiva '/ENTRY:prim@0' no es compatible con el modificador '/ENTRY:bin'; se ha omitido
PPT7_Sumados_numeros_mayor_MAC.obj : warning LNK4258: la directiva '/ENTRY:tres@0' no es compatible con el modificador '/ENTRY:bin'; se ha omitido
PPT8_Tabla de multiplicar_MAC.obj : warning LNK4258: la directiva '/ENTRY:tabla@0' no es compatible con el modificador '/ENTRY:bin'; se ha omitido
PPT9_Calificaciones_MAC.obj : warning LNK4258: la directiva '/ENTRY:calift@0' no es compatible con el modificador '/ENTRY:bin'; se ha omitido
PT1U3_Random_5_al_10.obj : warning LNK4258: la directiva '/ENTRY:ran@0' no es compatible con el modificador '/ENTRY:bin'; se ha omitido
PT1U3_Random_N_al_M.obj : warning LNK4258: la directiva '/ENTRY:menu@0' no es compatible con el modificador '/ENTRY:bin'; se ha omitido
  PM_0_ProgramasClase_U3.vcxproj -> C:\Users\Esteven Hdz\source\repos\PM_0_ProgramasClase_U3\Debug\PM_0_ProgramasClase_U3.exe
